<?xml version="1.0" encoding="UTF-8" standalone="yes"?><!DOCTYPE report PUBLIC "-//JACOCO//DTD Report 1.1//EN" "report.dtd"><report name="wmm-api-movements-application"><sessioninfo id="LAPTOP-1UST3QJA-c94a8ce5" start="1657596037894" dump="1657596040003"/><sessioninfo id="LAPTOP-1UST3QJA-70cbc87b" start="1657596069205" dump="1657596071291"/><sessioninfo id="LAPTOP-1UST3QJA-cbae0d76" start="1657769961179" dump="1657769963601"/><sessioninfo id="LAPTOP-1UST3QJA-19831554" start="1657769977491" dump="1657769979703"/><package name="com/wmm/movements/application/usecases"><class name="com/wmm/movements/application/usecases/SaveTagUseCase" sourcefilename="SaveTagUseCase.java"/><class name="com/wmm/movements/application/usecases/ListMovementUseCase" sourcefilename="ListMovementUseCase.java"/><class name="com/wmm/movements/application/usecases/DeleteMovementUseCase" sourcefilename="DeleteMovementUseCase.java"/><class name="com/wmm/movements/application/usecases/ListMovementTypeUseCase" sourcefilename="ListMovementTypeUseCase.java"/><class name="com/wmm/movements/application/usecases/CudMovementUseCase" sourcefilename="CudMovementUseCase.java"/><sourcefile name="DeleteMovementUseCase.java"/><sourcefile name="SaveTagUseCase.java"/><sourcefile name="CudMovementUseCase.java"/><sourcefile name="ListMovementTypeUseCase.java"/><sourcefile name="ListMovementUseCase.java"/></package><package name="com/wmm/movements/application/ports/output"><class name="com/wmm/movements/application/ports/output/GetMovementOutputPort" sourcefilename="GetMovementOutputPort.java"/><class name="com/wmm/movements/application/ports/output/TagOutputPort" sourcefilename="TagOutputPort.java"/><class name="com/wmm/movements/application/ports/output/MovementCudOutputPort" sourcefilename="MovementCudOutputPort.java"/><sourcefile name="MovementCudOutputPort.java"/><sourcefile name="GetMovementOutputPort.java"/><sourcefile name="TagOutputPort.java"/></package><package name="com/wmm/movements/application/ports/input"><class name="com/wmm/movements/application/ports/input/ListMovementTypeUseCaseInputPort" sourcefilename="ListMovementTypeUseCaseInputPort.java"><method name="&lt;init&gt;" desc="()V" line="9"><counter type="INSTRUCTION" missed="0" covered="3"/><counter type="LINE" missed="0" covered="1"/><counter type="COMPLEXITY" missed="0" covered="1"/><counter type="METHOD" missed="0" covered="1"/></method><method name="getAll" desc="()Ljava/util/List;" line="12"><counter type="INSTRUCTION" missed="0" covered="12"/><counter type="LINE" missed="0" covered="1"/><counter type="COMPLEXITY" missed="0" covered="1"/><counter type="METHOD" missed="0" covered="1"/></method><counter type="INSTRUCTION" missed="0" covered="15"/><counter type="LINE" missed="0" covered="2"/><counter type="COMPLEXITY" missed="0" covered="2"/><counter type="METHOD" missed="0" covered="2"/><counter type="CLASS" missed="0" covered="1"/></class><class name="com/wmm/movements/application/ports/input/DeleteMovementInputAdapter" sourcefilename="DeleteMovementInputAdapter.java"><method name="execute" desc="(Lcom/wmm/movements/domain/entity/Movement;)V" line="15"><counter type="INSTRUCTION" missed="0" covered="5"/><counter type="LINE" missed="0" covered="2"/><counter type="COMPLEXITY" missed="0" covered="1"/><counter type="METHOD" missed="0" covered="1"/></method><method name="&lt;init&gt;" desc="(Lcom/wmm/movements/application/ports/output/MovementCudOutputPort;)V" line="8"><counter type="INSTRUCTION" missed="0" covered="6"/><counter type="LINE" missed="0" covered="1"/><counter type="COMPLEXITY" missed="0" covered="1"/><counter type="METHOD" missed="0" covered="1"/></method><counter type="INSTRUCTION" missed="0" covered="11"/><counter type="LINE" missed="0" covered="3"/><counter type="COMPLEXITY" missed="0" covered="2"/><counter type="METHOD" missed="0" covered="2"/><counter type="CLASS" missed="0" covered="1"/></class><class name="com/wmm/movements/application/ports/input/ListMovementInputPort" sourcefilename="ListMovementInputPort.java"><method name="findByUserId" desc="(Ljava/lang/String;)Ljava/util/List;" line="19"><counter type="INSTRUCTION" missed="0" covered="5"/><counter type="LINE" missed="0" covered="1"/><counter type="COMPLEXITY" missed="0" covered="1"/><counter type="METHOD" missed="0" covered="1"/></method><method name="findByMovementType" desc="(Ljava/lang/String;Lcom/wmm/movements/domain/vo/MovementType;)Ljava/util/List;" line="24"><counter type="INSTRUCTION" missed="0" covered="6"/><counter type="LINE" missed="0" covered="1"/><counter type="COMPLEXITY" missed="0" covered="1"/><counter type="METHOD" missed="0" covered="1"/></method><method name="findByDate" desc="(Ljava/time/LocalDateTime;)Ljava/util/List;" line="29"><counter type="INSTRUCTION" missed="0" covered="2"/><counter type="LINE" missed="0" covered="1"/><counter type="COMPLEXITY" missed="0" covered="1"/><counter type="METHOD" missed="0" covered="1"/></method><method name="&lt;init&gt;" desc="(Lcom/wmm/movements/application/ports/output/GetMovementOutputPort;)V" line="12"><counter type="INSTRUCTION" missed="0" covered="6"/><counter type="LINE" missed="0" covered="1"/><counter type="COMPLEXITY" missed="0" covered="1"/><counter type="METHOD" missed="0" covered="1"/></method><counter type="INSTRUCTION" missed="0" covered="19"/><counter type="LINE" missed="0" covered="4"/><counter type="COMPLEXITY" missed="0" covered="4"/><counter type="METHOD" missed="0" covered="4"/><counter type="CLASS" missed="0" covered="1"/></class><class name="com/wmm/movements/application/ports/input/SaveTagInputPort" sourcefilename="SaveTagInputPort.java"><method name="execute" desc="(Lcom/wmm/movements/domain/entity/Tag;)Lcom/wmm/movements/domain/entity/Tag;" line="15"><counter type="INSTRUCTION" missed="0" covered="5"/><counter type="LINE" missed="0" covered="1"/><counter type="COMPLEXITY" missed="0" covered="1"/><counter type="METHOD" missed="0" covered="1"/></method><method name="&lt;init&gt;" desc="(Lcom/wmm/movements/application/ports/output/TagOutputPort;)V" line="8"><counter type="INSTRUCTION" missed="0" covered="6"/><counter type="LINE" missed="0" covered="1"/><counter type="COMPLEXITY" missed="0" covered="1"/><counter type="METHOD" missed="0" covered="1"/></method><counter type="INSTRUCTION" missed="0" covered="11"/><counter type="LINE" missed="0" covered="2"/><counter type="COMPLEXITY" missed="0" covered="2"/><counter type="METHOD" missed="0" covered="2"/><counter type="CLASS" missed="0" covered="1"/></class><class name="com/wmm/movements/application/ports/input/CudMovementInputPort" sourcefilename="CudMovementInputPort.java"><method name="save" desc="(Lcom/wmm/movements/domain/entity/Movement;)Lcom/wmm/movements/domain/entity/Movement;" line="19"><counter type="INSTRUCTION" missed="0" covered="10"/><counter type="LINE" missed="0" covered="2"/><counter type="COMPLEXITY" missed="0" covered="1"/><counter type="METHOD" missed="0" covered="1"/></method><method name="deleteByUserId" desc="(Ljava/lang/String;)V" line="25"><counter type="INSTRUCTION" missed="5" covered="0"/><counter type="LINE" missed="2" covered="0"/><counter type="COMPLEXITY" missed="1" covered="0"/><counter type="METHOD" missed="1" covered="0"/></method><method name="edit" desc="(Lcom/wmm/movements/domain/entity/Movement;)Lcom/wmm/movements/domain/entity/Movement;" line="30"><counter type="INSTRUCTION" missed="0" covered="18"/><counter type="BRANCH" missed="0" covered="2"/><counter type="LINE" missed="0" covered="3"/><counter type="COMPLEXITY" missed="0" covered="2"/><counter type="METHOD" missed="0" covered="1"/></method><method name="&lt;init&gt;" desc="(Lcom/wmm/movements/application/ports/output/MovementCudOutputPort;)V" line="12"><counter type="INSTRUCTION" missed="0" covered="6"/><counter type="LINE" missed="0" covered="1"/><counter type="COMPLEXITY" missed="0" covered="1"/><counter type="METHOD" missed="0" covered="1"/></method><counter type="INSTRUCTION" missed="5" covered="34"/><counter type="BRANCH" missed="0" covered="2"/><counter type="LINE" missed="2" covered="6"/><counter type="COMPLEXITY" missed="1" covered="4"/><counter type="METHOD" missed="1" covered="3"/><counter type="CLASS" missed="0" covered="1"/></class><sourcefile name="CudMovementInputPort.java"><line nr="12" mi="0" ci="6" mb="0" cb="0"/><line nr="19" mi="0" ci="5" mb="0" cb="0"/><line nr="20" mi="0" ci="5" mb="0" cb="0"/><line nr="25" mi="4" ci="0" mb="0" cb="0"/><line nr="26" mi="1" ci="0" mb="0" cb="0"/><line nr="30" mi="0" ci="8" mb="0" cb="2"/><line nr="31" mi="0" ci="5" mb="0" cb="0"/><line nr="33" mi="0" ci="5" mb="0" cb="0"/><counter type="INSTRUCTION" missed="5" covered="34"/><counter type="BRANCH" missed="0" covered="2"/><counter type="LINE" missed="2" covered="6"/><counter type="COMPLEXITY" missed="1" covered="4"/><counter type="METHOD" missed="1" covered="3"/><counter type="CLASS" missed="0" covered="1"/></sourcefile><sourcefile name="SaveTagInputPort.java"><line nr="8" mi="0" ci="6" mb="0" cb="0"/><line nr="15" mi="0" ci="5" mb="0" cb="0"/><counter type="INSTRUCTION" missed="0" covered="11"/><counter type="LINE" missed="0" covered="2"/><counter type="COMPLEXITY" missed="0" covered="2"/><counter type="METHOD" missed="0" covered="2"/><counter type="CLASS" missed="0" covered="1"/></sourcefile><sourcefile name="DeleteMovementInputAdapter.java"><line nr="8" mi="0" ci="6" mb="0" cb="0"/><line nr="15" mi="0" ci="4" mb="0" cb="0"/><line nr="16" mi="0" ci="1" mb="0" cb="0"/><counter type="INSTRUCTION" missed="0" covered="11"/><counter type="LINE" missed="0" covered="3"/><counter type="COMPLEXITY" missed="0" covered="2"/><counter type="METHOD" missed="0" covered="2"/><counter type="CLASS" missed="0" covered="1"/></sourcefile><sourcefile name="ListMovementTypeUseCaseInputPort.java"><line nr="9" mi="0" ci="3" mb="0" cb="0"/><line nr="12" mi="0" ci="12" mb="0" cb="0"/><counter type="INSTRUCTION" missed="0" covered="15"/><counter type="LINE" missed="0" covered="2"/><counter type="COMPLEXITY" missed="0" covered="2"/><counter type="METHOD" missed="0" covered="2"/><counter type="CLASS" missed="0" covered="1"/></sourcefile><sourcefile name="ListMovementInputPort.java"><line nr="12" mi="0" ci="6" mb="0" cb="0"/><line nr="19" mi="0" ci="5" mb="0" cb="0"/><line nr="24" mi="0" ci="6" mb="0" cb="0"/><line nr="29" mi="0" ci="2" mb="0" cb="0"/><counter type="INSTRUCTION" missed="0" covered="19"/><counter type="LINE" missed="0" covered="4"/><counter type="COMPLEXITY" missed="0" covered="4"/><counter type="METHOD" missed="0" covered="4"/><counter type="CLASS" missed="0" covered="1"/></sourcefile><counter type="INSTRUCTION" missed="5" covered="90"/><counter type="BRANCH" missed="0" covered="2"/><counter type="LINE" missed="2" covered="17"/><counter type="COMPLEXITY" missed="1" covered="14"/><counter type="METHOD" missed="1" covered="13"/><counter type="CLASS" missed="0" covered="5"/></package><package name="com/wmm/movements/application/exceptions"><class name="com/wmm/movements/application/exceptions/ExceptionMessages" sourcefilename="ExceptionMessages.java"/><class name="com/wmm/movements/application/exceptions/UserCanNotCarryOutThisOperation" sourcefilename="UserCanNotCarryOutThisOperation.java"><method name="&lt;init&gt;" desc="(Ljava/lang/String;)V" line="6"><counter type="INSTRUCTION" missed="0" covered="4"/><counter type="LINE" missed="0" covered="2"/><counter type="COMPLEXITY" missed="0" covered="1"/><counter type="METHOD" missed="0" covered="1"/></method><counter type="INSTRUCTION" missed="0" covered="4"/><counter type="LINE" missed="0" covered="2"/><counter type="COMPLEXITY" missed="0" covered="1"/><counter type="METHOD" missed="0" covered="1"/><counter type="CLASS" missed="0" covered="1"/></class><sourcefile name="UserCanNotCarryOutThisOperation.java"><line nr="6" mi="0" ci="3" mb="0" cb="0"/><line nr="7" mi="0" ci="1" mb="0" cb="0"/><counter type="INSTRUCTION" missed="0" covered="4"/><counter type="LINE" missed="0" covered="2"/><counter type="COMPLEXITY" missed="0" covered="1"/><counter type="METHOD" missed="0" covered="1"/><counter type="CLASS" missed="0" covered="1"/></sourcefile><sourcefile name="ExceptionMessages.java"/><counter type="INSTRUCTION" missed="0" covered="4"/><counter type="LINE" missed="0" covered="2"/><counter type="COMPLEXITY" missed="0" covered="1"/><counter type="METHOD" missed="0" covered="1"/><counter type="CLASS" missed="0" covered="1"/></package><package name="com/wmm/movements/application/businessrules"><class name="com/wmm/movements/application/businessrules/NewMovementValidation" sourcefilename="NewMovementValidation.java"><method name="check" desc="()V" line="15"><counter type="INSTRUCTION" missed="0" covered="83"/><counter type="BRANCH" missed="5" covered="17"/><counter type="LINE" missed="0" covered="13"/><counter type="COMPLEXITY" missed="5" covered="7"/><counter type="METHOD" missed="0" covered="1"/></method><method name="&lt;init&gt;" desc="(Lcom/wmm/movements/domain/entity/Movement;)V" line="9"><counter type="INSTRUCTION" missed="0" covered="6"/><counter type="LINE" missed="0" covered="1"/><counter type="COMPLEXITY" missed="0" covered="1"/><counter type="METHOD" missed="0" covered="1"/></method><counter type="INSTRUCTION" missed="0" covered="89"/><counter type="BRANCH" missed="5" covered="17"/><counter type="LINE" missed="0" covered="14"/><counter type="COMPLEXITY" missed="5" covered="8"/><counter type="METHOD" missed="0" covered="2"/><counter type="CLASS" missed="0" covered="1"/></class><sourcefile name="NewMovementValidation.java"><line nr="9" mi="0" ci="6" mb="0" cb="0"/><line nr="15" mi="0" ci="4" mb="0" cb="2"/><line nr="16" mi="0" ci="5" mb="0" cb="0"/><line nr="18" mi="0" ci="6" mb="0" cb="2"/><line nr="19" mi="0" ci="5" mb="0" cb="0"/><line nr="22" mi="0" ci="14" mb="2" cb="4"/><line nr="23" mi="0" ci="5" mb="0" cb="0"/><line nr="26" mi="0" ci="14" mb="2" cb="4"/><line nr="27" mi="0" ci="5" mb="0" cb="0"/><line nr="30" mi="0" ci="10" mb="1" cb="3"/><line nr="31" mi="0" ci="5" mb="0" cb="0"/><line nr="34" mi="0" ci="4" mb="0" cb="2"/><line nr="35" mi="0" ci="5" mb="0" cb="0"/><line nr="39" mi="0" ci="1" mb="0" cb="0"/><counter type="INSTRUCTION" missed="0" covered="89"/><counter type="BRANCH" missed="5" covered="17"/><counter type="LINE" missed="0" covered="14"/><counter type="COMPLEXITY" missed="5" covered="8"/><counter type="METHOD" missed="0" covered="2"/><counter type="CLASS" missed="0" covered="1"/></sourcefile><counter type="INSTRUCTION" missed="0" covered="89"/><counter type="BRANCH" missed="5" covered="17"/><counter type="LINE" missed="0" covered="14"/><counter type="COMPLEXITY" missed="5" covered="8"/><counter type="METHOD" missed="0" covered="2"/><counter type="CLASS" missed="0" covered="1"/></package><counter type="INSTRUCTION" missed="5" covered="183"/><counter type="BRANCH" missed="5" covered="19"/><counter type="LINE" missed="2" covered="33"/><counter type="COMPLEXITY" missed="6" covered="23"/><counter type="METHOD" missed="1" covered="16"/><counter type="CLASS" missed="0" covered="7"/></report>